<?xml version="1.0" encoding="UTF-8"?>
<testng-results ignored="0" total="1" passed="1" failed="0" skipped="0">
  <reporter-output>
  </reporter-output>
  <suite started-at="2021-05-10T15:54:58 IST" name="Default suite" finished-at="2021-05-10T15:55:15 IST" duration-ms="17021">
    <groups>
    </groups>
    <test started-at="2021-05-10T15:54:58 IST" name="Default test" finished-at="2021-05-10T15:55:15 IST" duration-ms="17021">
      <class name="Exercise.Hack.dummy">
        <test-method signature="dummy1()[pri:0, instance:Exercise.Hack.dummy@30ee2816]" started-at="2021-05-10T15:54:58 IST" name="dummy1" finished-at="2021-05-10T15:55:15 IST" duration-ms="16945" status="PASS">
          <reporter-output>
          </reporter-output>
        </test-method> <!-- dummy1 -->
      </class> <!-- Exercise.Hack.dummy -->
    </test> <!-- Default test -->
  </suite> <!-- Default suite -->
</testng-results>
