<?xml version="1.0" encoding="UTF-8"?>
<testng-results ignored="0" total="1" passed="1" failed="0" skipped="0">
  <reporter-output>
  </reporter-output>
  <suite started-at="2021-05-11T12:54:49 IST" name="Surefire suite" finished-at="2021-05-11T12:55:02 IST" duration-ms="13037">
    <groups>
    </groups>
    <test started-at="2021-05-11T12:54:49 IST" name="Surefire test" finished-at="2021-05-11T12:55:02 IST" duration-ms="13037">
      <class name="Exercise.Hack.dummyTest">
        <test-method signature="dummy1()[pri:0, instance:Exercise.Hack.dummyTest@35fc6dc4]" started-at="2021-05-11T12:54:49 IST" name="dummy1" finished-at="2021-05-11T12:55:02 IST" duration-ms="12979" status="PASS">
          <reporter-output>
          </reporter-output>
        </test-method> <!-- dummy1 -->
      </class> <!-- Exercise.Hack.dummyTest -->
    </test> <!-- Surefire test -->
  </suite> <!-- Surefire suite -->
</testng-results>
